-------------------------------------------------------------------------------
Test set: com.fitsum.annonymous.AnnoynmousApplicationTests
-------------------------------------------------------------------------------
Tests run: 1, Failures: 0, Errors: 1, Skipped: 0, Time elapsed: 3.14 s <<< FAILURE! - in com.fitsum.annonymous.AnnoynmousApplicationTests
contextLoads  Time elapsed: 0.002 s  <<< ERROR!
java.lang.IllegalStateException: Failed to load ApplicationContext
Caused by: org.springframework.beans.factory.BeanCreationException: Error creating bean with name 'kafkaProducerConfig': Injection of autowired dependencies failed; nested exception is java.lang.IllegalArgumentException: Could not resolve placeholder 'my' in value "${my}"
Caused by: java.lang.IllegalArgumentException: Could not resolve placeholder 'my' in value "${my}"

